<?xml version="1.0" encoding="UTF-8"?>
<!-- Generated by org.testng.reporters.JUnitXMLReporter -->
<testsuite hostname="LAPTOP-FCJLE339" ignored="0" name="Surefire test" tests="5" failures="0" timestamp="28 四月 2024 01:53:30 GMT" time="0.613" errors="0">
  <testcase name="testCalBaggagePrice" time="0.008" classname="com.cug.baggage_calculator.service.Impl.BaggageServiceImplTest"/>
  <testcase name="testCal_inland_normal" time="0.001" classname="com.cug.baggage_calculator.service.Impl.BaggageServiceImplTest"/>
  <testcase name="testCal_inland_special" time="0.0" classname="com.cug.baggage_calculator.service.Impl.BaggageServiceImplTest"/>
  <testcase name="testCal_outland_normal" time="0.0" classname="com.cug.baggage_calculator.service.Impl.BaggageServiceImplTest"/>
  <testcase name="testCal_outland_special" time="0.0" classname="com.cug.baggage_calculator.service.Impl.BaggageServiceImplTest"/>
</testsuite> <!-- Surefire test -->
