<?xml version="1.0" encoding="UTF-8"?>
<!-- Generated by org.testng.reporters.JUnitXMLReporter -->
<testsuite ignored="0" hostname="LAPTOP-FCJLE339" failures="0" tests="5" name="Test" time="1.208" errors="0" timestamp="08 5月 2024 00:57:25 GMT">
  <testcase classname="com.cug.baggage_calculator.service.Impl.BaggageServiceImplTest" name="testCalBaggagePrice" time="0.075"/>
  <testcase classname="com.cug.baggage_calculator.service.Impl.BaggageServiceImplTest" name="testCal_inland_normal" time="0.002"/>
  <testcase classname="com.cug.baggage_calculator.service.Impl.BaggageServiceImplTest" name="testCal_inland_special" time="0.001"/>
  <testcase classname="com.cug.baggage_calculator.service.Impl.BaggageServiceImplTest" name="testCal_outland_normal" time="0.003"/>
  <testcase classname="com.cug.baggage_calculator.service.Impl.BaggageServiceImplTest" name="testCal_outland_special" time="0.001"/>
</testsuite> <!-- Test -->
