<?xml version="1.0" encoding="UTF-8"?>
<testsuite xmlns:xsi="http://www.w3.org/2001/XMLSchema-instance" xsi:noNamespaceSchemaLocation="https://maven.apache.org/surefire/maven-surefire-plugin/xsd/surefire-test-report.xsd" name="com.cug.baggage_calculator.service.Impl.BaggageServiceImplTest" time="0.865" tests="5" errors="0" skipped="0" failures="0">
  <properties>
[...]
</properties>
  <testcase name="testCalBaggagePrice" classname="com.cug.baggage_calculator.service.Impl.BaggageServiceImplTest" time="0.007"/>
  <testcase name="testCal_inland_normal" classname="com.cug.baggage_calculator.service.Impl.BaggageServiceImplTest" time="0"/>
  <testcase name="testCal_inland_special" classname="com.cug.baggage_calculator.service.Impl.BaggageServiceImplTest" time="0"/>
  <testcase name="testCal_outland_normal" classname="com.cug.baggage_calculator.service.Impl.BaggageServiceImplTest" time="0"/>
  <testcase name="testCal_outland_special" classname="com.cug.baggage_calculator.service.Impl.BaggageServiceImplTest" time="0"/>
</testsuite>