<?xml version="1.0" encoding="UTF-8"?>
<testng-results ignored="0" total="5" passed="5" failed="0" skipped="0">
  <reporter-output>
  </reporter-output>
  <suite started-at="2024-05-08T00:57:24Z" name="Suite" finished-at="2024-05-08T00:57:25Z" duration-ms="1208">
    <groups>
    </groups>
    <test started-at="2024-05-08T00:57:24Z" name="Test" finished-at="2024-05-08T00:57:25Z" duration-ms="1208">
      <class name="com.cug.baggage_calculator.service.Impl.BaggageServiceImplTest">
        <test-method signature="testCalBaggagePrice(java.util.List)[pri:0, instance:com.cug.baggage_calculator.service.Impl.BaggageServiceImplTest@af78c87]" started-at="2024-05-08T08:57:25Z" name="testCalBaggagePrice" data-provider="CalBaggagePrice" finished-at="2024-05-08T08:57:25Z" duration-ms="75" status="PASS">
          <params>
            <param index="0">
              <value>
                <![CDATA[[BaggageParam(flightType=国际航线, flightArea=1, seatType=头等、公务舱, peopleType=成人, vipType=凤凰知音白金卡, ticketPrice=4500.0, isDisability=否, normalBaggage=[BaggageVo(type=普通行李, length=20.0, width=20.0, height=20.0, weight=10.0)], specialBaggage=[BaggageVo(type=null, length=null, width=null, height=null, weight=null)]), BaggageParam(flightType=国内航线, flightArea=null, seatType=公务舱, peopleType=儿童票, vipType=星空联盟金卡, ticketPrice=1500.0, isDisability=否, normalBaggage=[BaggageVo(type=普通行李, length=30.0, width=30.0, height=30.0, weight=35.0)], specialBaggage=[BaggageVo(type=null, length=null, width=null, height=null, weight=null)]), BaggageParam(flightType=国内航线, flightArea=null, seatType=超级经济舱, peopleType=成人, vipType=普通会员, ticketPrice=700.0, isDisability=否, normalBaggage=[BaggageVo(type=小型电器或仪器, length=40.0, width=40.0, height=40.0, weight=45.0)], specialBaggage=[BaggageVo(type=null, length=null, width=null, height=null, weight=null)]), BaggageParam(flightType=国际航线, flightArea=3, seatType=经济舱（区域A）, peopleType=儿童票, vipType=星空联盟金卡, ticketPrice=1500.0, isDisability=否, normalBaggage=[BaggageVo(type=普通行李, length=30.0, width=30.0, height=30.0, weight=35.0)], specialBaggage=[BaggageVo(type=null, length=null, width=null, height=null, weight=null)]), BaggageParam(flightType=国际航线, flightArea=4, seatType=经济舱（区域B）, peopleType=成人, vipType=普通会员, ticketPrice=1500.0, isDisability=否, normalBaggage=[BaggageVo(type=小型电器或仪器, length=40.0, width=40.0, height=40.0, weight=32.0)], specialBaggage=[BaggageVo(type=null, length=null, width=null, height=null, weight=null)])]]]>
              </value>
            </param>
          </params>
          <reporter-output>
          </reporter-output>
        </test-method> <!-- testCalBaggagePrice -->
        <test-method signature="testCal_inland_normal(java.util.List)[pri:0, instance:com.cug.baggage_calculator.service.Impl.BaggageServiceImplTest@af78c87]" started-at="2024-05-08T08:57:25Z" name="testCal_inland_normal" data-provider="CalBaggagePrice" finished-at="2024-05-08T08:57:25Z" duration-ms="2" status="PASS">
          <params>
            <param index="0">
              <value>
                <![CDATA[[BaggageParam(flightType=国际航线, flightArea=1, seatType=头等、公务舱, peopleType=成人, vipType=凤凰知音白金卡, ticketPrice=4500.0, isDisability=否, normalBaggage=[BaggageVo(type=普通行李, length=20.0, width=20.0, height=20.0, weight=10.0)], specialBaggage=[BaggageVo(type=null, length=null, width=null, height=null, weight=null)]), BaggageParam(flightType=国内航线, flightArea=null, seatType=公务舱, peopleType=儿童票, vipType=星空联盟金卡, ticketPrice=1500.0, isDisability=否, normalBaggage=[BaggageVo(type=普通行李, length=30.0, width=30.0, height=30.0, weight=35.0)], specialBaggage=[BaggageVo(type=null, length=null, width=null, height=null, weight=null)]), BaggageParam(flightType=国内航线, flightArea=null, seatType=超级经济舱, peopleType=成人, vipType=普通会员, ticketPrice=700.0, isDisability=否, normalBaggage=[BaggageVo(type=小型电器或仪器, length=40.0, width=40.0, height=40.0, weight=45.0)], specialBaggage=[BaggageVo(type=null, length=null, width=null, height=null, weight=null)]), BaggageParam(flightType=国际航线, flightArea=3, seatType=经济舱（区域A）, peopleType=儿童票, vipType=星空联盟金卡, ticketPrice=1500.0, isDisability=否, normalBaggage=[BaggageVo(type=普通行李, length=30.0, width=30.0, height=30.0, weight=35.0)], specialBaggage=[BaggageVo(type=null, length=null, width=null, height=null, weight=null)]), BaggageParam(flightType=国际航线, flightArea=4, seatType=经济舱（区域B）, peopleType=成人, vipType=普通会员, ticketPrice=1500.0, isDisability=否, normalBaggage=[BaggageVo(type=小型电器或仪器, length=40.0, width=40.0, height=40.0, weight=32.0)], specialBaggage=[BaggageVo(type=null, length=null, width=null, height=null, weight=null)])]]]>
              </value>
            </param>
          </params>
          <reporter-output>
          </reporter-output>
        </test-method> <!-- testCal_inland_normal -->
        <test-method signature="testCal_inland_special(java.util.List)[pri:0, instance:com.cug.baggage_calculator.service.Impl.BaggageServiceImplTest@af78c87]" started-at="2024-05-08T08:57:25Z" name="testCal_inland_special" data-provider="CalBaggagePrice" finished-at="2024-05-08T08:57:25Z" duration-ms="1" status="PASS">
          <params>
            <param index="0">
              <value>
                <![CDATA[[BaggageParam(flightType=国际航线, flightArea=1, seatType=头等、公务舱, peopleType=成人, vipType=凤凰知音白金卡, ticketPrice=4500.0, isDisability=否, normalBaggage=[BaggageVo(type=普通行李, length=20.0, width=20.0, height=20.0, weight=10.0)], specialBaggage=[BaggageVo(type=null, length=null, width=null, height=null, weight=null)]), BaggageParam(flightType=国内航线, flightArea=null, seatType=公务舱, peopleType=儿童票, vipType=星空联盟金卡, ticketPrice=1500.0, isDisability=否, normalBaggage=[BaggageVo(type=普通行李, length=30.0, width=30.0, height=30.0, weight=35.0)], specialBaggage=[BaggageVo(type=null, length=null, width=null, height=null, weight=null)]), BaggageParam(flightType=国内航线, flightArea=null, seatType=超级经济舱, peopleType=成人, vipType=普通会员, ticketPrice=700.0, isDisability=否, normalBaggage=[BaggageVo(type=小型电器或仪器, length=40.0, width=40.0, height=40.0, weight=45.0)], specialBaggage=[BaggageVo(type=null, length=null, width=null, height=null, weight=null)]), BaggageParam(flightType=国际航线, flightArea=3, seatType=经济舱（区域A）, peopleType=儿童票, vipType=星空联盟金卡, ticketPrice=1500.0, isDisability=否, normalBaggage=[BaggageVo(type=普通行李, length=30.0, width=30.0, height=30.0, weight=35.0)], specialBaggage=[BaggageVo(type=null, length=null, width=null, height=null, weight=null)]), BaggageParam(flightType=国际航线, flightArea=4, seatType=经济舱（区域B）, peopleType=成人, vipType=普通会员, ticketPrice=1500.0, isDisability=否, normalBaggage=[BaggageVo(type=小型电器或仪器, length=40.0, width=40.0, height=40.0, weight=32.0)], specialBaggage=[BaggageVo(type=null, length=null, width=null, height=null, weight=null)])]]]>
              </value>
            </param>
          </params>
          <reporter-output>
          </reporter-output>
        </test-method> <!-- testCal_inland_special -->
        <test-method signature="testCal_outland_normal(java.util.List)[pri:0, instance:com.cug.baggage_calculator.service.Impl.BaggageServiceImplTest@af78c87]" started-at="2024-05-08T08:57:25Z" name="testCal_outland_normal" data-provider="CalBaggagePrice" finished-at="2024-05-08T08:57:25Z" duration-ms="3" status="PASS">
          <params>
            <param index="0">
              <value>
                <![CDATA[[BaggageParam(flightType=国际航线, flightArea=1, seatType=头等、公务舱, peopleType=成人, vipType=凤凰知音白金卡, ticketPrice=4500.0, isDisability=否, normalBaggage=[BaggageVo(type=普通行李, length=20.0, width=20.0, height=20.0, weight=10.0)], specialBaggage=[BaggageVo(type=null, length=null, width=null, height=null, weight=null)]), BaggageParam(flightType=国内航线, flightArea=null, seatType=公务舱, peopleType=儿童票, vipType=星空联盟金卡, ticketPrice=1500.0, isDisability=否, normalBaggage=[BaggageVo(type=普通行李, length=30.0, width=30.0, height=30.0, weight=35.0)], specialBaggage=[BaggageVo(type=null, length=null, width=null, height=null, weight=null)]), BaggageParam(flightType=国内航线, flightArea=null, seatType=超级经济舱, peopleType=成人, vipType=普通会员, ticketPrice=700.0, isDisability=否, normalBaggage=[BaggageVo(type=小型电器或仪器, length=40.0, width=40.0, height=40.0, weight=45.0)], specialBaggage=[BaggageVo(type=null, length=null, width=null, height=null, weight=null)]), BaggageParam(flightType=国际航线, flightArea=3, seatType=经济舱（区域A）, peopleType=儿童票, vipType=星空联盟金卡, ticketPrice=1500.0, isDisability=否, normalBaggage=[BaggageVo(type=普通行李, length=30.0, width=30.0, height=30.0, weight=35.0)], specialBaggage=[BaggageVo(type=null, length=null, width=null, height=null, weight=null)]), BaggageParam(flightType=国际航线, flightArea=4, seatType=经济舱（区域B）, peopleType=成人, vipType=普通会员, ticketPrice=1500.0, isDisability=否, normalBaggage=[BaggageVo(type=小型电器或仪器, length=40.0, width=40.0, height=40.0, weight=32.0)], specialBaggage=[BaggageVo(type=null, length=null, width=null, height=null, weight=null)])]]]>
              </value>
            </param>
          </params>
          <reporter-output>
          </reporter-output>
        </test-method> <!-- testCal_outland_normal -->
        <test-method signature="testCal_outland_special(java.util.List)[pri:0, instance:com.cug.baggage_calculator.service.Impl.BaggageServiceImplTest@af78c87]" started-at="2024-05-08T08:57:25Z" name="testCal_outland_special" data-provider="CalBaggagePrice" finished-at="2024-05-08T08:57:25Z" duration-ms="1" status="PASS">
          <params>
            <param index="0">
              <value>
                <![CDATA[[BaggageParam(flightType=国际航线, flightArea=1, seatType=头等、公务舱, peopleType=成人, vipType=凤凰知音白金卡, ticketPrice=4500.0, isDisability=否, normalBaggage=[BaggageVo(type=普通行李, length=20.0, width=20.0, height=20.0, weight=10.0)], specialBaggage=[BaggageVo(type=null, length=null, width=null, height=null, weight=null)]), BaggageParam(flightType=国内航线, flightArea=null, seatType=公务舱, peopleType=儿童票, vipType=星空联盟金卡, ticketPrice=1500.0, isDisability=否, normalBaggage=[BaggageVo(type=普通行李, length=30.0, width=30.0, height=30.0, weight=35.0)], specialBaggage=[BaggageVo(type=null, length=null, width=null, height=null, weight=null)]), BaggageParam(flightType=国内航线, flightArea=null, seatType=超级经济舱, peopleType=成人, vipType=普通会员, ticketPrice=700.0, isDisability=否, normalBaggage=[BaggageVo(type=小型电器或仪器, length=40.0, width=40.0, height=40.0, weight=45.0)], specialBaggage=[BaggageVo(type=null, length=null, width=null, height=null, weight=null)]), BaggageParam(flightType=国际航线, flightArea=3, seatType=经济舱（区域A）, peopleType=儿童票, vipType=星空联盟金卡, ticketPrice=1500.0, isDisability=否, normalBaggage=[BaggageVo(type=普通行李, length=30.0, width=30.0, height=30.0, weight=35.0)], specialBaggage=[BaggageVo(type=null, length=null, width=null, height=null, weight=null)]), BaggageParam(flightType=国际航线, flightArea=4, seatType=经济舱（区域B）, peopleType=成人, vipType=普通会员, ticketPrice=1500.0, isDisability=否, normalBaggage=[BaggageVo(type=小型电器或仪器, length=40.0, width=40.0, height=40.0, weight=32.0)], specialBaggage=[BaggageVo(type=null, length=null, width=null, height=null, weight=null)])]]]>
              </value>
            </param>
          </params>
          <reporter-output>
          </reporter-output>
        </test-method> <!-- testCal_outland_special -->
      </class> <!-- com.cug.baggage_calculator.service.Impl.BaggageServiceImplTest -->
    </test> <!-- Test -->
  </suite> <!-- Suite -->
</testng-results>
